Date: 07/05/2018 09:52:54:696
Category: default
File: ../cwf/cppwebapplication.cpp
Function: int CWF::CppWebApplication::start()
Version: 2
Message: Server online


Date: 07/05/2018 09:57:04:780
Category: default
File: ../cwf/cppwebapplication.cpp
Function: int CWF::CppWebApplication::start()
Version: 2
Message: Server online


Date: 07/05/2018 09:57:32:577
Category: default
File: ../cwf/cppwebapplication.cpp
Function: int CWF::CppWebApplication::start()
Version: 2
Message: Server online


Date: 07/05/2018 10:10:56:665
Category: default
File: ../cwf/cppwebapplication.cpp
Function: int CWF::CppWebApplication::start()
Version: 2
Message: Server online


Date: 07/05/2018 10:11:35:678
Category: default
File: ../cwf/cppwebapplication.cpp
Function: int CWF::CppWebApplication::start()
Version: 2
Message: Server online


Date: 07/05/2018 10:14:00:557
Category: default
File: ../cwf/cppwebapplication.cpp
Function: int CWF::CppWebApplication::start()
Version: 2
Message: Server online


Date: 07/05/2018 10:20:31:080
Category: default
File: ../cwf/cppwebapplication.cpp
Function: int CWF::CppWebApplication::start()
Version: 2
Message: Server online


Date: 07/05/2018 10:51:00:509
Category: default
File: ../cwf/cppwebapplication.cpp
Function: int CWF::CppWebApplication::start()
Version: 2
Message: Server online


Date: 07/05/2018 10:51:23:132
Category: default
File: ../cwf/cppwebapplication.cpp
Function: int CWF::CppWebApplication::start()
Version: 2
Message: Server online


